<?xml version="1.0" encoding="UTF-8"?>
<!-- Generated by org.testng.reporters.JUnitReportReporter -->
<testsuite hostname="Rahuls-MacBook-Pro.local" failures="0" tests="1" name="runner.TestRunner" time="94.772" errors="0" timestamp="2022-07-06T12:17:26 IST" skipped="0">
  <testcase classname="runner.TestRunner" name="runScenario" time="94.772"/>
  <system-out/>
</testsuite> <!-- runner.TestRunner -->
